2018-05-05 09:18:43.541  INFO 7075 --- [main] o.h.j.i.u.LogHelper                      : HHH000204: Processing PersistenceUnitInfo [
	name: default
	...]
2018-05-05 09:18:43.732  INFO 7075 --- [main] o.h.Version                              : HHH000412: Hibernate Core {5.0.12.Final}
2018-05-05 09:18:43.738  INFO 7075 --- [main] o.h.c.Environment                        : HHH000206: hibernate.properties not found
2018-05-05 09:18:43.741  INFO 7075 --- [main] o.h.c.Environment                        : HHH000021: Bytecode provider name : javassist
2018-05-05 09:18:43.845  INFO 7075 --- [main] o.h.a.c.Version                          : HCANN000001: Hibernate Commons Annotations {5.0.1.Final}
2018-05-05 09:18:44.054  INFO 7075 --- [main] o.h.d.Dialect                            : HHH000400: Using dialect: org.hibernate.dialect.MySQL5Dialect
2018-05-05 09:23:05.520  INFO 7421 --- [main] o.h.j.i.u.LogHelper                      : HHH000204: Processing PersistenceUnitInfo [
	name: default
	...]
2018-05-05 09:23:05.583  INFO 7421 --- [main] o.h.Version                              : HHH000412: Hibernate Core {5.0.12.Final}
2018-05-05 09:23:05.585  INFO 7421 --- [main] o.h.c.Environment                        : HHH000206: hibernate.properties not found
2018-05-05 09:23:05.586  INFO 7421 --- [main] o.h.c.Environment                        : HHH000021: Bytecode provider name : javassist
2018-05-05 09:23:05.626  INFO 7421 --- [main] o.h.a.c.Version                          : HCANN000001: Hibernate Commons Annotations {5.0.1.Final}
2018-05-05 09:23:05.726  INFO 7421 --- [main] o.h.d.Dialect                            : HHH000400: Using dialect: org.hibernate.dialect.MySQL5Dialect
2018-05-05 09:25:00.226  INFO 7526 --- [main] o.h.j.i.u.LogHelper                      : HHH000204: Processing PersistenceUnitInfo [
	name: default
	...]
2018-05-05 09:25:00.280  INFO 7526 --- [main] o.h.Version                              : HHH000412: Hibernate Core {5.0.12.Final}
2018-05-05 09:25:00.281  INFO 7526 --- [main] o.h.c.Environment                        : HHH000206: hibernate.properties not found
2018-05-05 09:25:00.282  INFO 7526 --- [main] o.h.c.Environment                        : HHH000021: Bytecode provider name : javassist
2018-05-05 09:25:00.309  INFO 7526 --- [main] o.h.a.c.Version                          : HCANN000001: Hibernate Commons Annotations {5.0.1.Final}
2018-05-05 09:25:00.384  INFO 7526 --- [main] o.h.d.Dialect                            : HHH000400: Using dialect: org.hibernate.dialect.MySQL5Dialect
2018-05-05 09:25:57.180  INFO 7600 --- [main] o.h.j.i.u.LogHelper                      : HHH000204: Processing PersistenceUnitInfo [
	name: default
	...]
2018-05-05 09:25:57.255  INFO 7600 --- [main] o.h.Version                              : HHH000412: Hibernate Core {5.0.12.Final}
2018-05-05 09:25:57.257  INFO 7600 --- [main] o.h.c.Environment                        : HHH000206: hibernate.properties not found
2018-05-05 09:25:57.258  INFO 7600 --- [main] o.h.c.Environment                        : HHH000021: Bytecode provider name : javassist
2018-05-05 09:25:57.293  INFO 7600 --- [main] o.h.a.c.Version                          : HCANN000001: Hibernate Commons Annotations {5.0.1.Final}
2018-05-05 09:25:57.375  INFO 7600 --- [main] o.h.d.Dialect                            : HHH000400: Using dialect: org.hibernate.dialect.MySQL5Dialect
2018-05-05 09:26:47.804  INFO 7802 --- [main] o.h.j.i.u.LogHelper                      : HHH000204: Processing PersistenceUnitInfo [
	name: default
	...]
2018-05-05 09:26:47.860  INFO 7802 --- [main] o.h.Version                              : HHH000412: Hibernate Core {5.0.12.Final}
2018-05-05 09:26:47.861  INFO 7802 --- [main] o.h.c.Environment                        : HHH000206: hibernate.properties not found
2018-05-05 09:26:47.863  INFO 7802 --- [main] o.h.c.Environment                        : HHH000021: Bytecode provider name : javassist
2018-05-05 09:26:47.892  INFO 7802 --- [main] o.h.a.c.Version                          : HCANN000001: Hibernate Commons Annotations {5.0.1.Final}
2018-05-05 09:26:47.965  INFO 7802 --- [main] o.h.d.Dialect                            : HHH000400: Using dialect: org.hibernate.dialect.MySQL5Dialect
2018-05-05 09:27:08.498  INFO 7873 --- [restartedMain] o.h.j.i.u.LogHelper                      : HHH000204: Processing PersistenceUnitInfo [
	name: default
	...]
2018-05-05 09:27:08.531  INFO 7873 --- [restartedMain] o.h.Version                              : HHH000412: Hibernate Core {5.0.12.Final}
2018-05-05 09:27:08.532  INFO 7873 --- [restartedMain] o.h.c.Environment                        : HHH000206: hibernate.properties not found
2018-05-05 09:27:08.533  INFO 7873 --- [restartedMain] o.h.c.Environment                        : HHH000021: Bytecode provider name : javassist
2018-05-05 09:27:08.553  INFO 7873 --- [restartedMain] o.h.a.c.Version                          : HCANN000001: Hibernate Commons Annotations {5.0.1.Final}
2018-05-05 09:27:08.610  INFO 7873 --- [restartedMain] o.h.d.Dialect                            : HHH000400: Using dialect: org.hibernate.dialect.MySQL5Dialect
2018-05-05 09:30:35.580  INFO 8096 --- [restartedMain] o.h.j.i.u.LogHelper                      : HHH000204: Processing PersistenceUnitInfo [
	name: default
	...]
2018-05-05 09:30:35.617  INFO 8096 --- [restartedMain] o.h.Version                              : HHH000412: Hibernate Core {5.0.12.Final}
2018-05-05 09:30:35.618  INFO 8096 --- [restartedMain] o.h.c.Environment                        : HHH000206: hibernate.properties not found
2018-05-05 09:30:35.618  INFO 8096 --- [restartedMain] o.h.c.Environment                        : HHH000021: Bytecode provider name : javassist
2018-05-05 09:30:35.639  INFO 8096 --- [restartedMain] o.h.a.c.Version                          : HCANN000001: Hibernate Commons Annotations {5.0.1.Final}
2018-05-05 09:30:35.708  INFO 8096 --- [restartedMain] o.h.d.Dialect                            : HHH000400: Using dialect: org.hibernate.dialect.MySQL5Dialect
2018-05-05 09:31:38.935  INFO 8248 --- [restartedMain] o.h.j.i.u.LogHelper                      : HHH000204: Processing PersistenceUnitInfo [
	name: default
	...]
2018-05-05 09:31:38.969  INFO 8248 --- [restartedMain] o.h.Version                              : HHH000412: Hibernate Core {5.0.12.Final}
2018-05-05 09:31:38.970  INFO 8248 --- [restartedMain] o.h.c.Environment                        : HHH000206: hibernate.properties not found
2018-05-05 09:31:38.971  INFO 8248 --- [restartedMain] o.h.c.Environment                        : HHH000021: Bytecode provider name : javassist
2018-05-05 09:31:38.990  INFO 8248 --- [restartedMain] o.h.a.c.Version                          : HCANN000001: Hibernate Commons Annotations {5.0.1.Final}
2018-05-05 09:31:39.048  INFO 8248 --- [restartedMain] o.h.d.Dialect                            : HHH000400: Using dialect: org.hibernate.dialect.MySQL5Dialect
2018-05-05 09:34:12.289  INFO 8435 --- [restartedMain] o.h.j.i.u.LogHelper                      : HHH000204: Processing PersistenceUnitInfo [
	name: default
	...]
2018-05-05 09:34:12.324  INFO 8435 --- [restartedMain] o.h.Version                              : HHH000412: Hibernate Core {5.0.12.Final}
2018-05-05 09:34:12.325  INFO 8435 --- [restartedMain] o.h.c.Environment                        : HHH000206: hibernate.properties not found
2018-05-05 09:34:12.326  INFO 8435 --- [restartedMain] o.h.c.Environment                        : HHH000021: Bytecode provider name : javassist
2018-05-05 09:34:12.345  INFO 8435 --- [restartedMain] o.h.a.c.Version                          : HCANN000001: Hibernate Commons Annotations {5.0.1.Final}
2018-05-05 09:34:12.411  INFO 8435 --- [restartedMain] o.h.d.Dialect                            : HHH000400: Using dialect: org.hibernate.dialect.MySQL5Dialect
2018-05-05 09:35:37.487  INFO 8598 --- [restartedMain] o.h.j.i.u.LogHelper                      : HHH000204: Processing PersistenceUnitInfo [
	name: default
	...]
2018-05-05 09:35:37.520  INFO 8598 --- [restartedMain] o.h.Version                              : HHH000412: Hibernate Core {5.0.12.Final}
2018-05-05 09:35:37.521  INFO 8598 --- [restartedMain] o.h.c.Environment                        : HHH000206: hibernate.properties not found
2018-05-05 09:35:37.521  INFO 8598 --- [restartedMain] o.h.c.Environment                        : HHH000021: Bytecode provider name : javassist
2018-05-05 09:35:37.540  INFO 8598 --- [restartedMain] o.h.a.c.Version                          : HCANN000001: Hibernate Commons Annotations {5.0.1.Final}
2018-05-05 09:35:37.599  INFO 8598 --- [restartedMain] o.h.d.Dialect                            : HHH000400: Using dialect: org.hibernate.dialect.MySQL5Dialect
2018-05-05 09:37:25.185  INFO 8767 --- [restartedMain] o.h.j.i.u.LogHelper                      : HHH000204: Processing PersistenceUnitInfo [
	name: default
	...]
2018-05-05 09:37:25.220  INFO 8767 --- [restartedMain] o.h.Version                              : HHH000412: Hibernate Core {5.0.12.Final}
2018-05-05 09:37:25.221  INFO 8767 --- [restartedMain] o.h.c.Environment                        : HHH000206: hibernate.properties not found
2018-05-05 09:37:25.221  INFO 8767 --- [restartedMain] o.h.c.Environment                        : HHH000021: Bytecode provider name : javassist
2018-05-05 09:37:25.241  INFO 8767 --- [restartedMain] o.h.a.c.Version                          : HCANN000001: Hibernate Commons Annotations {5.0.1.Final}
2018-05-05 09:37:25.302  INFO 8767 --- [restartedMain] o.h.d.Dialect                            : HHH000400: Using dialect: org.hibernate.dialect.MySQL5Dialect
2018-05-05 09:39:42.866  INFO 8918 --- [restartedMain] o.h.j.i.u.LogHelper                      : HHH000204: Processing PersistenceUnitInfo [
	name: default
	...]
2018-05-05 09:39:42.899  INFO 8918 --- [restartedMain] o.h.Version                              : HHH000412: Hibernate Core {5.0.12.Final}
2018-05-05 09:39:42.900  INFO 8918 --- [restartedMain] o.h.c.Environment                        : HHH000206: hibernate.properties not found
2018-05-05 09:39:42.901  INFO 8918 --- [restartedMain] o.h.c.Environment                        : HHH000021: Bytecode provider name : javassist
2018-05-05 09:39:42.920  INFO 8918 --- [restartedMain] o.h.a.c.Version                          : HCANN000001: Hibernate Commons Annotations {5.0.1.Final}
2018-05-05 09:39:42.988  INFO 8918 --- [restartedMain] o.h.d.Dialect                            : HHH000400: Using dialect: org.hibernate.dialect.MySQL5Dialect
2018-05-05 09:49:46.872  INFO 9276 --- [restartedMain] o.h.j.i.u.LogHelper                      : HHH000204: Processing PersistenceUnitInfo [
	name: default
	...]
2018-05-05 09:49:46.907  INFO 9276 --- [restartedMain] o.h.Version                              : HHH000412: Hibernate Core {5.0.12.Final}
2018-05-05 09:49:46.908  INFO 9276 --- [restartedMain] o.h.c.Environment                        : HHH000206: hibernate.properties not found
2018-05-05 09:49:46.909  INFO 9276 --- [restartedMain] o.h.c.Environment                        : HHH000021: Bytecode provider name : javassist
2018-05-05 09:49:46.930  INFO 9276 --- [restartedMain] o.h.a.c.Version                          : HCANN000001: Hibernate Commons Annotations {5.0.1.Final}
2018-05-05 09:49:46.990  INFO 9276 --- [restartedMain] o.h.d.Dialect                            : HHH000400: Using dialect: org.hibernate.dialect.MySQL5Dialect
