mysql connection port= 3306
Please open Internet explorer to access ：http://localhost:8089/
[31m[2018-05-11 16:40:23.704] [ERROR] Query - [39mError: No identity has been assigned to this client
    at Client._getSigningIdentity (/root/project/fabric-das-web/blockchain-explorer/node_modules/fabric-client/lib/Client.js:1207:11)
    at Client.queryInstalledChaincodes (/root/project/fabric-das-web/blockchain-explorer/node_modules/fabric-client/lib/Client.js:916:23)
    at helper.getOrgAdmin.then (/root/project/fabric-das-web/blockchain-explorer/app/query.js:127:18)
[31m[2018-05-11 16:47:52.041] [ERROR] Query - [39mError: No identity has been assigned to this client
    at Client._getSigningIdentity (/root/project/fabric-das-web/blockchain-explorer/node_modules/fabric-client/lib/Client.js:1207:11)
    at Client.queryInstalledChaincodes (/root/project/fabric-das-web/blockchain-explorer/node_modules/fabric-client/lib/Client.js:916:23)
    at helper.getOrgAdmin.then (/root/project/fabric-das-web/blockchain-explorer/app/query.js:127:18)
[31m[2018-05-11 16:48:05.387] [ERROR] Query - [39mError: No identity has been assigned to this client
    at Client._getSigningIdentity (/root/project/fabric-das-web/blockchain-explorer/node_modules/fabric-client/lib/Client.js:1207:11)
    at Client.queryInstalledChaincodes (/root/project/fabric-das-web/blockchain-explorer/node_modules/fabric-client/lib/Client.js:916:23)
    at helper.getOrgAdmin.then (/root/project/fabric-das-web/blockchain-explorer/app/query.js:127:18)
[31m[2018-05-11 16:48:21.874] [ERROR] Query - [39mError: No identity has been assigned to this client
    at Client._getSigningIdentity (/root/project/fabric-das-web/blockchain-explorer/node_modules/fabric-client/lib/Client.js:1207:11)
    at Client.queryInstalledChaincodes (/root/project/fabric-das-web/blockchain-explorer/node_modules/fabric-client/lib/Client.js:916:23)
    at helper.getOrgAdmin.then (/root/project/fabric-das-web/blockchain-explorer/app/query.js:127:18)
[31m[2018-05-11 16:53:59.542] [ERROR] Query - [39mError: No identity has been assigned to this client
    at Client._getSigningIdentity (/root/project/fabric-das-web/blockchain-explorer/node_modules/fabric-client/lib/Client.js:1207:11)
    at Client.queryInstalledChaincodes (/root/project/fabric-das-web/blockchain-explorer/node_modules/fabric-client/lib/Client.js:916:23)
    at helper.getOrgAdmin.then (/root/project/fabric-das-web/blockchain-explorer/app/query.js:127:18)
[31m[2018-05-11 17:00:12.841] [ERROR] Query - [39mError: No identity has been assigned to this client
    at Client._getSigningIdentity (/root/project/fabric-das-web/blockchain-explorer/node_modules/fabric-client/lib/Client.js:1207:11)
    at Client.queryInstalledChaincodes (/root/project/fabric-das-web/blockchain-explorer/node_modules/fabric-client/lib/Client.js:916:23)
    at helper.getOrgAdmin.then (/root/project/fabric-das-web/blockchain-explorer/app/query.js:127:18)
[31m[2018-05-11 17:06:58.887] [ERROR] Query - [39mError: No identity has been assigned to this client
    at Client._getSigningIdentity (/root/project/fabric-das-web/blockchain-explorer/node_modules/fabric-client/lib/Client.js:1207:11)
    at Channel.queryInfo (/root/project/fabric-das-web/blockchain-explorer/node_modules/fabric-client/lib/Channel.js:896:36)
    at helper.getOrgAdmin.then (/root/project/fabric-das-web/blockchain-explorer/app/query.js:93:18)
[31m[2018-05-11 17:06:58.891] [ERROR] blockscanner - [39mTypeError: Cannot read property 'low' of undefined
    at getChainInfo.then.response (/root/project/fabric-das-web/blockchain-explorer/app/query.js:208:32)
[31m[2018-05-11 17:07:04.040] [ERROR] Query - [39mError: No identity has been assigned to this client
    at Client._getSigningIdentity (/root/project/fabric-das-web/blockchain-explorer/node_modules/fabric-client/lib/Client.js:1207:11)
    at Channel.queryInfo (/root/project/fabric-das-web/blockchain-explorer/node_modules/fabric-client/lib/Channel.js:896:36)
    at helper.getOrgAdmin.then (/root/project/fabric-das-web/blockchain-explorer/app/query.js:93:18)
[31m[2018-05-11 17:07:04.041] [ERROR] blockscanner - [39mTypeError: Cannot read property 'low' of undefined
    at getChainInfo.then.response (/root/project/fabric-das-web/blockchain-explorer/app/query.js:208:32)
[31m[2018-05-11 17:07:46.337] [ERROR] Query - [39mError: No identity has been assigned to this client
    at Client._getSigningIdentity (/root/project/fabric-das-web/blockchain-explorer/node_modules/fabric-client/lib/Client.js:1207:11)
    at Client.queryInstalledChaincodes (/root/project/fabric-das-web/blockchain-explorer/node_modules/fabric-client/lib/Client.js:916:23)
    at helper.getOrgAdmin.then (/root/project/fabric-das-web/blockchain-explorer/app/query.js:127:18)
[31m[2018-05-11 17:14:07.955] [ERROR] Query - [39mError: No identity has been assigned to this client
    at Client._getSigningIdentity (/root/project/fabric-das-web/blockchain-explorer/node_modules/fabric-client/lib/Client.js:1207:11)
    at Client.queryInstalledChaincodes (/root/project/fabric-das-web/blockchain-explorer/node_modules/fabric-client/lib/Client.js:916:23)
    at helper.getOrgAdmin.then (/root/project/fabric-das-web/blockchain-explorer/app/query.js:127:18)
[31m[2018-05-11 17:20:27.563] [ERROR] Query - [39mError: No identity has been assigned to this client
    at Client._getSigningIdentity (/root/project/fabric-das-web/blockchain-explorer/node_modules/fabric-client/lib/Client.js:1207:11)
    at Client.queryInstalledChaincodes (/root/project/fabric-das-web/blockchain-explorer/node_modules/fabric-client/lib/Client.js:916:23)
    at helper.getOrgAdmin.then (/root/project/fabric-das-web/blockchain-explorer/app/query.js:127:18)
[31m[2018-05-11 17:27:37.387] [ERROR] Query - [39mError: No identity has been assigned to this client
    at Client._getSigningIdentity (/root/project/fabric-das-web/blockchain-explorer/node_modules/fabric-client/lib/Client.js:1207:11)
    at Client.queryInstalledChaincodes (/root/project/fabric-das-web/blockchain-explorer/node_modules/fabric-client/lib/Client.js:916:23)
    at helper.getOrgAdmin.then (/root/project/fabric-das-web/blockchain-explorer/app/query.js:127:18)
[31m[2018-05-11 17:27:41.488] [ERROR] Query - [39mError: No identity has been assigned to this client
    at Client._getSigningIdentity (/root/project/fabric-das-web/blockchain-explorer/node_modules/fabric-client/lib/Client.js:1207:11)
    at Client.queryInstalledChaincodes (/root/project/fabric-das-web/blockchain-explorer/node_modules/fabric-client/lib/Client.js:916:23)
    at helper.getOrgAdmin.then (/root/project/fabric-das-web/blockchain-explorer/app/query.js:127:18)
[31m[2018-05-11 17:33:15.160] [ERROR] Query - [39mError: No identity has been assigned to this client
    at Client._getSigningIdentity (/root/project/fabric-das-web/blockchain-explorer/node_modules/fabric-client/lib/Client.js:1207:11)
    at Channel.queryInfo (/root/project/fabric-das-web/blockchain-explorer/node_modules/fabric-client/lib/Channel.js:896:36)
    at helper.getOrgAdmin.then (/root/project/fabric-das-web/blockchain-explorer/app/query.js:93:18)
[31m[2018-05-11 17:33:15.163] [ERROR] blockscanner - [39mTypeError: Cannot read property 'low' of undefined
    at getChainInfo.then.response (/root/project/fabric-das-web/blockchain-explorer/app/query.js:208:32)
[31m[2018-05-11 17:34:05.637] [ERROR] Query - [39mError: No identity has been assigned to this client
    at Client._getSigningIdentity (/root/project/fabric-das-web/blockchain-explorer/node_modules/fabric-client/lib/Client.js:1207:11)
    at Client.queryInstalledChaincodes (/root/project/fabric-das-web/blockchain-explorer/node_modules/fabric-client/lib/Client.js:916:23)
    at helper.getOrgAdmin.then (/root/project/fabric-das-web/blockchain-explorer/app/query.js:127:18)
[31m[2018-05-11 17:34:41.720] [ERROR] Query - [39mError: No identity has been assigned to this client
    at Client._getSigningIdentity (/root/project/fabric-das-web/blockchain-explorer/node_modules/fabric-client/lib/Client.js:1207:11)
    at Client.queryInstalledChaincodes (/root/project/fabric-das-web/blockchain-explorer/node_modules/fabric-client/lib/Client.js:916:23)
    at helper.getOrgAdmin.then (/root/project/fabric-das-web/blockchain-explorer/app/query.js:127:18)
[31m[2018-05-11 17:35:17.810] [ERROR] Query - [39mError: No identity has been assigned to this client
    at Client._getSigningIdentity (/root/project/fabric-das-web/blockchain-explorer/node_modules/fabric-client/lib/Client.js:1207:11)
    at Client.queryInstalledChaincodes (/root/project/fabric-das-web/blockchain-explorer/node_modules/fabric-client/lib/Client.js:916:23)
    at helper.getOrgAdmin.then (/root/project/fabric-das-web/blockchain-explorer/app/query.js:127:18)
[31m[2018-05-11 17:35:38.492] [ERROR] Query - [39mError: No identity has been assigned to this client
    at Client._getSigningIdentity (/root/project/fabric-das-web/blockchain-explorer/node_modules/fabric-client/lib/Client.js:1207:11)
    at Client.queryInstalledChaincodes (/root/project/fabric-das-web/blockchain-explorer/node_modules/fabric-client/lib/Client.js:916:23)
    at helper.getOrgAdmin.then (/root/project/fabric-das-web/blockchain-explorer/app/query.js:127:18)
[31m[2018-05-11 17:35:46.683] [ERROR] Query - [39mError: No identity has been assigned to this client
    at Client._getSigningIdentity (/root/project/fabric-das-web/blockchain-explorer/node_modules/fabric-client/lib/Client.js:1207:11)
    at Client.queryInstalledChaincodes (/root/project/fabric-das-web/blockchain-explorer/node_modules/fabric-client/lib/Client.js:916:23)
    at helper.getOrgAdmin.then (/root/project/fabric-das-web/blockchain-explorer/app/query.js:127:18)
[31m[2018-05-11 17:35:59.035] [ERROR] Query - [39mError: No identity has been assigned to this client
    at Client._getSigningIdentity (/root/project/fabric-das-web/blockchain-explorer/node_modules/fabric-client/lib/Client.js:1207:11)
    at Client.queryInstalledChaincodes (/root/project/fabric-das-web/blockchain-explorer/node_modules/fabric-client/lib/Client.js:916:23)
    at helper.getOrgAdmin.then (/root/project/fabric-das-web/blockchain-explorer/app/query.js:127:18)
[31m[2018-05-11 17:36:43.399] [ERROR] Query - [39mError: No identity has been assigned to this client
    at Client._getSigningIdentity (/root/project/fabric-das-web/blockchain-explorer/node_modules/fabric-client/lib/Client.js:1207:11)
    at Client.queryInstalledChaincodes (/root/project/fabric-das-web/blockchain-explorer/node_modules/fabric-client/lib/Client.js:916:23)
    at helper.getOrgAdmin.then (/root/project/fabric-das-web/blockchain-explorer/app/query.js:127:18)
[31m[2018-05-11 17:38:01.905] [ERROR] Query - [39mError: No identity has been assigned to this client
    at Client._getSigningIdentity (/root/project/fabric-das-web/blockchain-explorer/node_modules/fabric-client/lib/Client.js:1207:11)
    at Client.queryInstalledChaincodes (/root/project/fabric-das-web/blockchain-explorer/node_modules/fabric-client/lib/Client.js:916:23)
    at helper.getOrgAdmin.then (/root/project/fabric-das-web/blockchain-explorer/app/query.js:127:18)
[31m[2018-05-11 17:39:05.925] [ERROR] Query - [39mError: No identity has been assigned to this client
    at Client._getSigningIdentity (/root/project/fabric-das-web/blockchain-explorer/node_modules/fabric-client/lib/Client.js:1207:11)
    at Client.queryInstalledChaincodes (/root/project/fabric-das-web/blockchain-explorer/node_modules/fabric-client/lib/Client.js:916:23)
    at helper.getOrgAdmin.then (/root/project/fabric-das-web/blockchain-explorer/app/query.js:127:18)
[31m[2018-05-11 17:39:08.998] [ERROR] Query - [39mError: No identity has been assigned to this client
    at Client._getSigningIdentity (/root/project/fabric-das-web/blockchain-explorer/node_modules/fabric-client/lib/Client.js:1207:11)
    at Client.queryInstalledChaincodes (/root/project/fabric-das-web/blockchain-explorer/node_modules/fabric-client/lib/Client.js:916:23)
    at helper.getOrgAdmin.then (/root/project/fabric-das-web/blockchain-explorer/app/query.js:127:18)
[31m[2018-05-11 17:39:48.243] [ERROR] Query - [39mError: No identity has been assigned to this client
    at Client._getSigningIdentity (/root/project/fabric-das-web/blockchain-explorer/node_modules/fabric-client/lib/Client.js:1207:11)
    at Client.queryInstalledChaincodes (/root/project/fabric-das-web/blockchain-explorer/node_modules/fabric-client/lib/Client.js:916:23)
    at helper.getOrgAdmin.then (/root/project/fabric-das-web/blockchain-explorer/app/query.js:127:18)
[31m[2018-05-11 17:40:09.741] [ERROR] Query - [39mError: No identity has been assigned to this client
    at Client._getSigningIdentity (/root/project/fabric-das-web/blockchain-explorer/node_modules/fabric-client/lib/Client.js:1207:11)
    at Client.queryInstalledChaincodes (/root/project/fabric-das-web/blockchain-explorer/node_modules/fabric-client/lib/Client.js:916:23)
    at helper.getOrgAdmin.then (/root/project/fabric-das-web/blockchain-explorer/app/query.js:127:18)
[31m[2018-05-11 17:40:23.099] [ERROR] Query - [39mError: No identity has been assigned to this client
    at Client._getSigningIdentity (/root/project/fabric-das-web/blockchain-explorer/node_modules/fabric-client/lib/Client.js:1207:11)
    at Client.queryInstalledChaincodes (/root/project/fabric-das-web/blockchain-explorer/node_modules/fabric-client/lib/Client.js:916:23)
    at helper.getOrgAdmin.then (/root/project/fabric-das-web/blockchain-explorer/app/query.js:127:18)
[31m[2018-05-11 17:47:23.180] [ERROR] Query - [39mError: No identity has been assigned to this client
    at Client._getSigningIdentity (/root/project/fabric-das-web/blockchain-explorer/node_modules/fabric-client/lib/Client.js:1207:11)
    at Client.queryInstalledChaincodes (/root/project/fabric-das-web/blockchain-explorer/node_modules/fabric-client/lib/Client.js:916:23)
    at helper.getOrgAdmin.then (/root/project/fabric-das-web/blockchain-explorer/app/query.js:127:18)
[31m[2018-05-11 17:48:06.482] [ERROR] Query - [39mError: No identity has been assigned to this client
    at Client._getSigningIdentity (/root/project/fabric-das-web/blockchain-explorer/node_modules/fabric-client/lib/Client.js:1207:11)
    at Client.queryInstalledChaincodes (/root/project/fabric-das-web/blockchain-explorer/node_modules/fabric-client/lib/Client.js:916:23)
    at helper.getOrgAdmin.then (/root/project/fabric-das-web/blockchain-explorer/app/query.js:127:18)
[31m[2018-05-11 17:48:25.014] [ERROR] Query - [39mError: No identity has been assigned to this client
    at Client._getSigningIdentity (/root/project/fabric-das-web/blockchain-explorer/node_modules/fabric-client/lib/Client.js:1207:11)
    at Client.queryInstalledChaincodes (/root/project/fabric-das-web/blockchain-explorer/node_modules/fabric-client/lib/Client.js:916:23)
    at helper.getOrgAdmin.then (/root/project/fabric-das-web/blockchain-explorer/app/query.js:127:18)
[31m[2018-05-11 17:48:39.462] [ERROR] Query - [39mError: No identity has been assigned to this client
    at Client._getSigningIdentity (/root/project/fabric-das-web/blockchain-explorer/node_modules/fabric-client/lib/Client.js:1207:11)
    at Client.queryInstalledChaincodes (/root/project/fabric-das-web/blockchain-explorer/node_modules/fabric-client/lib/Client.js:916:23)
    at helper.getOrgAdmin.then (/root/project/fabric-das-web/blockchain-explorer/app/query.js:127:18)
[31m[2018-05-11 17:48:46.672] [ERROR] Query - [39mError: No identity has been assigned to this client
    at Client._getSigningIdentity (/root/project/fabric-das-web/blockchain-explorer/node_modules/fabric-client/lib/Client.js:1207:11)
    at Client.queryInstalledChaincodes (/root/project/fabric-das-web/blockchain-explorer/node_modules/fabric-client/lib/Client.js:916:23)
    at helper.getOrgAdmin.then (/root/project/fabric-das-web/blockchain-explorer/app/query.js:127:18)
[31m[2018-05-11 17:49:20.627] [ERROR] Query - [39mError: No identity has been assigned to this client
    at Client._getSigningIdentity (/root/project/fabric-das-web/blockchain-explorer/node_modules/fabric-client/lib/Client.js:1207:11)
    at Client.queryInstalledChaincodes (/root/project/fabric-das-web/blockchain-explorer/node_modules/fabric-client/lib/Client.js:916:23)
    at helper.getOrgAdmin.then (/root/project/fabric-das-web/blockchain-explorer/app/query.js:127:18)
[31m[2018-05-11 17:49:26.782] [ERROR] Query - [39mError: No identity has been assigned to this client
    at Client._getSigningIdentity (/root/project/fabric-das-web/blockchain-explorer/node_modules/fabric-client/lib/Client.js:1207:11)
    at Client.queryInstalledChaincodes (/root/project/fabric-das-web/blockchain-explorer/node_modules/fabric-client/lib/Client.js:916:23)
    at helper.getOrgAdmin.then (/root/project/fabric-das-web/blockchain-explorer/app/query.js:127:18)
[31m[2018-05-11 17:49:38.072] [ERROR] Query - [39mError: No identity has been assigned to this client
    at Client._getSigningIdentity (/root/project/fabric-das-web/blockchain-explorer/node_modules/fabric-client/lib/Client.js:1207:11)
    at Client.queryInstalledChaincodes (/root/project/fabric-das-web/blockchain-explorer/node_modules/fabric-client/lib/Client.js:916:23)
    at helper.getOrgAdmin.then (/root/project/fabric-das-web/blockchain-explorer/app/query.js:127:18)
[31m[2018-05-11 17:49:56.716] [ERROR] Query - [39mError: No identity has been assigned to this client
    at Client._getSigningIdentity (/root/project/fabric-das-web/blockchain-explorer/node_modules/fabric-client/lib/Client.js:1207:11)
    at Client.queryInstalledChaincodes (/root/project/fabric-das-web/blockchain-explorer/node_modules/fabric-client/lib/Client.js:916:23)
    at helper.getOrgAdmin.then (/root/project/fabric-das-web/blockchain-explorer/app/query.js:127:18)
[31m[2018-05-11 17:50:09.070] [ERROR] Query - [39mError: No identity has been assigned to this client
    at Client._getSigningIdentity (/root/project/fabric-das-web/blockchain-explorer/node_modules/fabric-client/lib/Client.js:1207:11)
    at Client.queryInstalledChaincodes (/root/project/fabric-das-web/blockchain-explorer/node_modules/fabric-client/lib/Client.js:916:23)
    at helper.getOrgAdmin.then (/root/project/fabric-das-web/blockchain-explorer/app/query.js:127:18)
[31m[2018-05-11 17:57:00.079] [ERROR] Query - [39mError: No identity has been assigned to this client
    at Client._getSigningIdentity (/root/project/fabric-das-web/blockchain-explorer/node_modules/fabric-client/lib/Client.js:1207:11)
    at Client.queryInstalledChaincodes (/root/project/fabric-das-web/blockchain-explorer/node_modules/fabric-client/lib/Client.js:916:23)
    at helper.getOrgAdmin.then (/root/project/fabric-das-web/blockchain-explorer/app/query.js:127:18)
[31m[2018-05-11 17:57:18.639] [ERROR] Query - [39mError: No identity has been assigned to this client
    at Client._getSigningIdentity (/root/project/fabric-das-web/blockchain-explorer/node_modules/fabric-client/lib/Client.js:1207:11)
    at Client.queryInstalledChaincodes (/root/project/fabric-das-web/blockchain-explorer/node_modules/fabric-client/lib/Client.js:916:23)
    at helper.getOrgAdmin.then (/root/project/fabric-das-web/blockchain-explorer/app/query.js:127:18)
[31m[2018-05-11 17:57:24.773] [ERROR] Query - [39mError: No identity has been assigned to this client
    at Client._getSigningIdentity (/root/project/fabric-das-web/blockchain-explorer/node_modules/fabric-client/lib/Client.js:1207:11)
    at Client.queryInstalledChaincodes (/root/project/fabric-das-web/blockchain-explorer/node_modules/fabric-client/lib/Client.js:916:23)
    at helper.getOrgAdmin.then (/root/project/fabric-das-web/blockchain-explorer/app/query.js:127:18)
[31m[2018-05-11 18:04:02.304] [ERROR] Query - [39mError: No identity has been assigned to this client
    at Client._getSigningIdentity (/root/project/fabric-das-web/blockchain-explorer/node_modules/fabric-client/lib/Client.js:1207:11)
    at Client.queryInstalledChaincodes (/root/project/fabric-das-web/blockchain-explorer/node_modules/fabric-client/lib/Client.js:916:23)
    at helper.getOrgAdmin.then (/root/project/fabric-das-web/blockchain-explorer/app/query.js:127:18)
[31m[2018-05-11 18:04:09.512] [ERROR] Query - [39mError: No identity has been assigned to this client
    at Client._getSigningIdentity (/root/project/fabric-das-web/blockchain-explorer/node_modules/fabric-client/lib/Client.js:1207:11)
    at Client.queryInstalledChaincodes (/root/project/fabric-das-web/blockchain-explorer/node_modules/fabric-client/lib/Client.js:916:23)
    at helper.getOrgAdmin.then (/root/project/fabric-das-web/blockchain-explorer/app/query.js:127:18)
[31m[2018-05-11 18:12:10.334] [ERROR] Query - [39mError: No identity has been assigned to this client
    at Client._getSigningIdentity (/root/project/fabric-das-web/blockchain-explorer/node_modules/fabric-client/lib/Client.js:1207:11)
    at Client.queryInstalledChaincodes (/root/project/fabric-das-web/blockchain-explorer/node_modules/fabric-client/lib/Client.js:916:23)
    at helper.getOrgAdmin.then (/root/project/fabric-das-web/blockchain-explorer/app/query.js:127:18)
